{"/Users/ftahir/Documents/poc/app/api/companies/route.ts": {"path":"/Users/ftahir/Documents/poc/app/api/companies/route.ts","statementMap":{"0":{"start":{"line":9,"column":22},"end":{"line":9,"column":null}},"1":{"start":{"line":28,"column":22},"end":{"line":28,"column":27}},"2":{"start":{"line":1,"column":42},"end":{"line":1,"column":null}},"3":{"start":{"line":2,"column":31},"end":{"line":2,"column":null}},"4":{"start":{"line":10,"column":2},"end":{"line":21,"column":null}},"5":{"start":{"line":11,"column":22},"end":{"line":11,"column":null}},"6":{"start":{"line":12,"column":4},"end":{"line":12,"column":null}},"7":{"start":{"line":14,"column":25},"end":{"line":14,"column":null}},"8":{"start":{"line":15,"column":4},"end":{"line":15,"column":null}},"9":{"start":{"line":17,"column":4},"end":{"line":19,"column":null}},"10":{"start":{"line":29,"column":2},"end":{"line":50,"column":null}},"11":{"start":{"line":30,"column":39},"end":{"line":30,"column":null}},"12":{"start":{"line":32,"column":20},"end":{"line":32,"column":null}},"13":{"start":{"line":34,"column":4},"end":{"line":34,"column":null}},"14":{"start":{"line":36,"column":25},"end":{"line":36,"column":null}},"15":{"start":{"line":37,"column":4},"end":{"line":37,"column":null}},"16":{"start":{"line":40,"column":23},"end":{"line":44,"column":null}},"17":{"start":{"line":46,"column":4},"end":{"line":48,"column":null}}},"fnMap":{"0":{"name":"GET","decl":{"start":{"line":9,"column":22},"end":{"line":9,"column":null}},"loc":{"start":{"line":9,"column":22},"end":{"line":22,"column":null}}},"1":{"name":"POST","decl":{"start":{"line":28,"column":22},"end":{"line":28,"column":27}},"loc":{"start":{"line":28,"column":47},"end":{"line":51,"column":null}}}},"branchMap":{"0":{"loc":{"start":{"line":14,"column":25},"end":{"line":14,"column":null}},"type":"cond-expr","locations":[{"start":{"line":14,"column":50},"end":{"line":14,"column":63}},{"start":{"line":14,"column":66},"end":{"line":14,"column":null}}]},"1":{"loc":{"start":{"line":36,"column":25},"end":{"line":36,"column":null}},"type":"cond-expr","locations":[{"start":{"line":36,"column":50},"end":{"line":36,"column":63}},{"start":{"line":36,"column":66},"end":{"line":36,"column":null}}]},"2":{"loc":{"start":{"line":40,"column":23},"end":{"line":44,"column":null}},"type":"cond-expr","locations":[{"start":{"line":43,"column":8},"end":{"line":43,"column":null}},{"start":{"line":44,"column":8},"end":{"line":44,"column":null}}]},"3":{"loc":{"start":{"line":40,"column":23},"end":{"line":42,"column":null}},"type":"binary-expr","locations":[{"start":{"line":40,"column":23},"end":{"line":40,"column":null}},{"start":{"line":41,"column":23},"end":{"line":41,"column":null}},{"start":{"line":42,"column":23},"end":{"line":42,"column":null}}]}},"s":{"0":3,"1":8,"2":1,"3":1,"4":3,"5":3,"6":2,"7":1,"8":1,"9":1,"10":8,"11":8,"12":7,"13":2,"14":6,"15":6,"16":6,"17":6},"f":{"0":3,"1":8},"b":{"0":[1,0],"1":[5,1],"2":[4,2],"3":[6,5,3]}}
,"/Users/ftahir/Documents/poc/backend/repositories/company.repository.ts": {"path":"/Users/ftahir/Documents/poc/backend/repositories/company.repository.ts","statementMap":{"0":{"start":{"line":8,"column":13},"end":{"line":8,"column":null}},"1":{"start":{"line":90,"column":13},"end":{"line":90,"column":33}},"2":{"start":{"line":1,"column":23},"end":{"line":1,"column":null}},"3":{"start":{"line":13,"column":4},"end":{"line":17,"column":null}},"4":{"start":{"line":24,"column":4},"end":{"line":26,"column":null}},"5":{"start":{"line":33,"column":4},"end":{"line":35,"column":null}},"6":{"start":{"line":42,"column":4},"end":{"line":45,"column":null}},"7":{"start":{"line":52,"column":4},"end":{"line":54,"column":null}},"8":{"start":{"line":61,"column":4},"end":{"line":61,"column":null}},"9":{"start":{"line":68,"column":4},"end":{"line":73,"column":null}},"10":{"start":{"line":80,"column":4},"end":{"line":85,"column":null}},"11":{"start":{"line":90,"column":33},"end":{"line":90,"column":null}}},"fnMap":{"0":{"name":"(anonymous_3)","decl":{"start":{"line":12,"column":2},"end":{"line":12,"column":8}},"loc":{"start":{"line":12,"column":18},"end":{"line":18,"column":null}}},"1":{"name":"(anonymous_4)","decl":{"start":{"line":23,"column":2},"end":{"line":23,"column":8}},"loc":{"start":{"line":23,"column":29},"end":{"line":27,"column":null}}},"2":{"name":"(anonymous_5)","decl":{"start":{"line":32,"column":2},"end":{"line":32,"column":8}},"loc":{"start":{"line":32,"column":48},"end":{"line":36,"column":null}}},"3":{"name":"(anonymous_6)","decl":{"start":{"line":41,"column":2},"end":{"line":41,"column":8}},"loc":{"start":{"line":41,"column":60},"end":{"line":46,"column":null}}},"4":{"name":"(anonymous_7)","decl":{"start":{"line":51,"column":2},"end":{"line":51,"column":8}},"loc":{"start":{"line":51,"column":27},"end":{"line":55,"column":null}}},"5":{"name":"(anonymous_8)","decl":{"start":{"line":60,"column":2},"end":{"line":60,"column":8}},"loc":{"start":{"line":60,"column":16},"end":{"line":62,"column":null}}},"6":{"name":"(anonymous_9)","decl":{"start":{"line":67,"column":2},"end":{"line":67,"column":8}},"loc":{"start":{"line":67,"column":49},"end":{"line":74,"column":null}}},"7":{"name":"(anonymous_10)","decl":{"start":{"line":79,"column":2},"end":{"line":79,"column":8}},"loc":{"start":{"line":79,"column":37},"end":{"line":86,"column":null}}}},"branchMap":{},"s":{"0":10,"1":0,"2":1,"3":2,"4":2,"5":1,"6":1,"7":1,"8":1,"9":1,"10":1,"11":1},"f":{"0":2,"1":2,"2":1,"3":1,"4":1,"5":1,"6":1,"7":1},"b":{}}
,"/Users/ftahir/Documents/poc/backend/services/company.service.ts": {"path":"/Users/ftahir/Documents/poc/backend/services/company.service.ts","statementMap":{"0":{"start":{"line":8,"column":13},"end":{"line":8,"column":null}},"1":{"start":{"line":201,"column":13},"end":{"line":201,"column":30}},"2":{"start":{"line":1,"column":34},"end":{"line":1,"column":null}},"3":{"start":{"line":2,"column":52},"end":{"line":2,"column":null}},"4":{"start":{"line":13,"column":4},"end":{"line":18,"column":null}},"5":{"start":{"line":14,"column":6},"end":{"line":14,"column":null}},"6":{"start":{"line":16,"column":6},"end":{"line":16,"column":null}},"7":{"start":{"line":17,"column":6},"end":{"line":17,"column":null}},"8":{"start":{"line":25,"column":4},"end":{"line":34,"column":null}},"9":{"start":{"line":26,"column":22},"end":{"line":26,"column":null}},"10":{"start":{"line":27,"column":6},"end":{"line":29,"column":null}},"11":{"start":{"line":28,"column":8},"end":{"line":28,"column":null}},"12":{"start":{"line":30,"column":6},"end":{"line":30,"column":null}},"13":{"start":{"line":32,"column":6},"end":{"line":32,"column":null}},"14":{"start":{"line":33,"column":6},"end":{"line":33,"column":null}},"15":{"start":{"line":42,"column":4},"end":{"line":42,"column":null}},"16":{"start":{"line":45,"column":4},"end":{"line":45,"column":null}},"17":{"start":{"line":48,"column":4},"end":{"line":48,"column":null}},"18":{"start":{"line":51,"column":4},"end":{"line":53,"column":null}},"19":{"start":{"line":52,"column":6},"end":{"line":52,"column":null}},"20":{"start":{"line":55,"column":4},"end":{"line":73,"column":null}},"21":{"start":{"line":56,"column":22},"end":{"line":67,"column":null}},"22":{"start":{"line":69,"column":6},"end":{"line":69,"column":null}},"23":{"start":{"line":71,"column":6},"end":{"line":71,"column":null}},"24":{"start":{"line":72,"column":6},"end":{"line":72,"column":null}},"25":{"start":{"line":80,"column":4},"end":{"line":92,"column":null}},"26":{"start":{"line":81,"column":30},"end":{"line":81,"column":null}},"27":{"start":{"line":84,"column":6},"end":{"line":86,"column":null}},"28":{"start":{"line":85,"column":8},"end":{"line":85,"column":null}},"29":{"start":{"line":88,"column":6},"end":{"line":88,"column":null}},"30":{"start":{"line":90,"column":6},"end":{"line":90,"column":null}},"31":{"start":{"line":91,"column":6},"end":{"line":91,"column":null}},"32":{"start":{"line":99,"column":4},"end":{"line":99,"column":null}},"33":{"start":{"line":101,"column":4},"end":{"line":106,"column":null}},"34":{"start":{"line":102,"column":6},"end":{"line":102,"column":null}},"35":{"start":{"line":104,"column":6},"end":{"line":104,"column":null}},"36":{"start":{"line":105,"column":6},"end":{"line":105,"column":null}},"37":{"start":{"line":113,"column":4},"end":{"line":118,"column":null}},"38":{"start":{"line":114,"column":6},"end":{"line":114,"column":null}},"39":{"start":{"line":116,"column":6},"end":{"line":116,"column":null}},"40":{"start":{"line":117,"column":6},"end":{"line":117,"column":null}},"41":{"start":{"line":125,"column":4},"end":{"line":138,"column":null}},"42":{"start":{"line":126,"column":20},"end":{"line":126,"column":null}},"43":{"start":{"line":127,"column":27},"end":{"line":127,"column":null}},"44":{"start":{"line":128,"column":22},"end":{"line":128,"column":null}},"45":{"start":{"line":130,"column":6},"end":{"line":134,"column":null}},"46":{"start":{"line":136,"column":6},"end":{"line":136,"column":null}},"47":{"start":{"line":137,"column":6},"end":{"line":137,"column":null}},"48":{"start":{"line":147,"column":62},"end":{"line":153,"column":null}},"49":{"start":{"line":155,"column":4},"end":{"line":159,"column":null}},"50":{"start":{"line":156,"column":6},"end":{"line":158,"column":null}},"51":{"start":{"line":157,"column":8},"end":{"line":157,"column":null}},"52":{"start":{"line":166,"column":4},"end":{"line":170,"column":null}},"53":{"start":{"line":167,"column":6},"end":{"line":168,"column":null}},"54":{"start":{"line":177,"column":4},"end":{"line":181,"column":null}},"55":{"start":{"line":178,"column":6},"end":{"line":180,"column":null}},"56":{"start":{"line":179,"column":8},"end":{"line":179,"column":null}},"57":{"start":{"line":183,"column":4},"end":{"line":187,"column":null}},"58":{"start":{"line":184,"column":6},"end":{"line":186,"column":null}},"59":{"start":{"line":185,"column":8},"end":{"line":185,"column":null}},"60":{"start":{"line":194,"column":4},"end":{"line":196,"column":null}},"61":{"start":{"line":195,"column":6},"end":{"line":195,"column":null}},"62":{"start":{"line":201,"column":30},"end":{"line":201,"column":null}}},"fnMap":{"0":{"name":"(anonymous_3)","decl":{"start":{"line":12,"column":2},"end":{"line":12,"column":8}},"loc":{"start":{"line":12,"column":26},"end":{"line":19,"column":null}}},"1":{"name":"(anonymous_4)","decl":{"start":{"line":24,"column":2},"end":{"line":24,"column":8}},"loc":{"start":{"line":24,"column":35},"end":{"line":35,"column":null}}},"2":{"name":"(anonymous_5)","decl":{"start":{"line":40,"column":2},"end":{"line":40,"column":8}},"loc":{"start":{"line":40,"column":50},"end":{"line":74,"column":null}}},"3":{"name":"(anonymous_6)","decl":{"start":{"line":79,"column":2},"end":{"line":79,"column":8}},"loc":{"start":{"line":79,"column":56},"end":{"line":93,"column":null}}},"4":{"name":"(anonymous_7)","decl":{"start":{"line":98,"column":2},"end":{"line":98,"column":8}},"loc":{"start":{"line":98,"column":57},"end":{"line":107,"column":null}}},"5":{"name":"(anonymous_8)","decl":{"start":{"line":112,"column":2},"end":{"line":112,"column":8}},"loc":{"start":{"line":112,"column":45},"end":{"line":119,"column":null}}},"6":{"name":"(anonymous_9)","decl":{"start":{"line":124,"column":2},"end":{"line":124,"column":8}},"loc":{"start":{"line":124,"column":26},"end":{"line":139,"column":null}}},"7":{"name":"(anonymous_10)","decl":{"start":{"line":146,"column":2},"end":{"line":146,"column":32}},"loc":{"start":{"line":146,"column":61},"end":{"line":160,"column":null}}},"8":{"name":"(anonymous_11)","decl":{"start":{"line":165,"column":2},"end":{"line":165,"column":30}},"loc":{"start":{"line":165,"column":53},"end":{"line":171,"column":null}}},"9":{"name":"(anonymous_12)","decl":{"start":{"line":176,"column":2},"end":{"line":176,"column":31}},"loc":{"start":{"line":176,"column":60},"end":{"line":188,"column":null}}},"10":{"name":"(anonymous_13)","decl":{"start":{"line":193,"column":2},"end":{"line":193,"column":25}},"loc":{"start":{"line":193,"column":43},"end":{"line":197,"column":null}}}},"branchMap":{"0":{"loc":{"start":{"line":27,"column":6},"end":{"line":29,"column":null}},"type":"if","locations":[{"start":{"line":27,"column":6},"end":{"line":29,"column":null}}]},"1":{"loc":{"start":{"line":51,"column":4},"end":{"line":53,"column":null}},"type":"if","locations":[{"start":{"line":51,"column":4},"end":{"line":53,"column":null}}]},"2":{"loc":{"start":{"line":62,"column":27},"end":{"line":62,"column":null}},"type":"binary-expr","locations":[{"start":{"line":62,"column":27},"end":{"line":62,"column":49}},{"start":{"line":62,"column":53},"end":{"line":62,"column":null}}]},"3":{"loc":{"start":{"line":63,"column":30},"end":{"line":63,"column":null}},"type":"binary-expr","locations":[{"start":{"line":63,"column":30},"end":{"line":63,"column":55}},{"start":{"line":63,"column":59},"end":{"line":63,"column":null}}]},"4":{"loc":{"start":{"line":64,"column":20},"end":{"line":64,"column":null}},"type":"binary-expr","locations":[{"start":{"line":64,"column":20},"end":{"line":64,"column":35}},{"start":{"line":64,"column":39},"end":{"line":64,"column":null}}]},"5":{"loc":{"start":{"line":65,"column":17},"end":{"line":65,"column":null}},"type":"binary-expr","locations":[{"start":{"line":65,"column":17},"end":{"line":65,"column":29}},{"start":{"line":65,"column":33},"end":{"line":65,"column":null}}]},"6":{"loc":{"start":{"line":84,"column":6},"end":{"line":86,"column":null}},"type":"if","locations":[{"start":{"line":84,"column":6},"end":{"line":86,"column":null}}]},"7":{"loc":{"start":{"line":156,"column":6},"end":{"line":158,"column":null}},"type":"if","locations":[{"start":{"line":156,"column":6},"end":{"line":158,"column":null}}]},"8":{"loc":{"start":{"line":156,"column":10},"end":{"line":156,"column":90}},"type":"binary-expr","locations":[{"start":{"line":156,"column":10},"end":{"line":156,"column":22}},{"start":{"line":156,"column":27},"end":{"line":156,"column":62}},{"start":{"line":156,"column":62},"end":{"line":156,"column":90}}]},"9":{"loc":{"start":{"line":166,"column":4},"end":{"line":170,"column":null}},"type":"if","locations":[{"start":{"line":166,"column":4},"end":{"line":170,"column":null}}]},"10":{"loc":{"start":{"line":177,"column":4},"end":{"line":181,"column":null}},"type":"if","locations":[{"start":{"line":177,"column":4},"end":{"line":181,"column":null}}]},"11":{"loc":{"start":{"line":178,"column":6},"end":{"line":180,"column":null}},"type":"if","locations":[{"start":{"line":178,"column":6},"end":{"line":180,"column":null}}]},"12":{"loc":{"start":{"line":178,"column":10},"end":{"line":178,"column":84}},"type":"binary-expr","locations":[{"start":{"line":178,"column":10},"end":{"line":178,"column":56}},{"start":{"line":178,"column":56},"end":{"line":178,"column":84}}]},"13":{"loc":{"start":{"line":183,"column":4},"end":{"line":187,"column":null}},"type":"if","locations":[{"start":{"line":183,"column":4},"end":{"line":187,"column":null}}]},"14":{"loc":{"start":{"line":184,"column":6},"end":{"line":186,"column":null}},"type":"if","locations":[{"start":{"line":184,"column":6},"end":{"line":186,"column":null}}]},"15":{"loc":{"start":{"line":184,"column":10},"end":{"line":184,"column":90}},"type":"binary-expr","locations":[{"start":{"line":184,"column":10},"end":{"line":184,"column":59}},{"start":{"line":184,"column":59},"end":{"line":184,"column":90}}]},"16":{"loc":{"start":{"line":194,"column":4},"end":{"line":196,"column":null}},"type":"if","locations":[{"start":{"line":194,"column":4},"end":{"line":196,"column":null}}]}},"s":{"0":24,"1":0,"2":1,"3":1,"4":2,"5":2,"6":1,"7":1,"8":2,"9":2,"10":2,"11":1,"12":1,"13":1,"14":1,"15":17,"16":12,"17":11,"18":9,"19":8,"20":8,"21":8,"22":8,"23":0,"24":0,"25":2,"26":2,"27":2,"28":2,"29":2,"30":1,"31":1,"32":2,"33":1,"34":1,"35":0,"36":0,"37":1,"38":1,"39":0,"40":0,"41":2,"42":2,"43":1,"44":1,"45":1,"46":1,"47":1,"48":17,"49":17,"50":75,"51":5,"52":14,"53":2,"54":11,"55":10,"56":1,"57":10,"58":9,"59":1,"60":8,"61":1,"62":1},"f":{"0":2,"1":2,"2":17,"3":2,"4":2,"5":1,"6":2,"7":17,"8":14,"9":11,"10":8},"b":{"0":[1],"1":[8],"2":[8,1],"3":[8,1],"4":[8,1],"5":[8,1],"6":[2],"7":[5],"8":[75,70,70],"9":[2],"10":[10],"11":[1],"12":[10,10],"13":[9],"14":[1],"15":[9,9],"16":[1]}}
,"/Users/ftahir/Documents/poc/backend/types/company.ts": {"path":"/Users/ftahir/Documents/poc/backend/types/company.ts","statementMap":{"0":{"start":{"line":32,"column":13},"end":{"line":32,"column":29}},"1":{"start":{"line":32,"column":29},"end":{"line":32,"column":null}}},"fnMap":{},"branchMap":{},"s":{"0":16,"1":1},"f":{},"b":{}}
}
