TN:
SF:app/api/companies/route.ts
FN:9,GET
FN:28,POST
FNF:2
FNH:2
FNDA:3,GET
FNDA:8,POST
DA:1,1
DA:2,1
DA:9,3
DA:10,3
DA:11,3
DA:12,2
DA:14,1
DA:15,1
DA:17,1
DA:28,8
DA:29,8
DA:30,8
DA:32,7
DA:34,2
DA:36,6
DA:37,6
DA:40,6
DA:46,6
LF:18
LH:18
BRDA:14,0,0,1
BRDA:14,0,1,0
BRDA:36,1,0,5
BRDA:36,1,1,1
BRDA:40,2,0,4
BRDA:40,2,1,2
BRDA:40,3,0,6
BRDA:40,3,1,5
BRDA:40,3,2,3
BRF:9
BRH:8
end_of_record
TN:
SF:backend/repositories/company.repository.ts
FN:12,(anonymous_3)
FN:23,(anonymous_4)
FN:32,(anonymous_5)
FN:41,(anonymous_6)
FN:51,(anonymous_7)
FN:60,(anonymous_8)
FN:67,(anonymous_9)
FN:79,(anonymous_10)
FNF:8
FNH:8
FNDA:2,(anonymous_3)
FNDA:2,(anonymous_4)
FNDA:1,(anonymous_5)
FNDA:1,(anonymous_6)
FNDA:1,(anonymous_7)
FNDA:1,(anonymous_8)
FNDA:1,(anonymous_9)
FNDA:1,(anonymous_10)
DA:1,1
DA:8,10
DA:13,2
DA:24,2
DA:33,1
DA:42,1
DA:52,1
DA:61,1
DA:68,1
DA:80,1
DA:90,1
LF:11
LH:11
BRF:0
BRH:0
end_of_record
TN:
SF:backend/services/company.service.ts
FN:12,(anonymous_3)
FN:24,(anonymous_4)
FN:40,(anonymous_5)
FN:79,(anonymous_6)
FN:98,(anonymous_7)
FN:112,(anonymous_8)
FN:124,(anonymous_9)
FN:146,(anonymous_10)
FN:165,(anonymous_11)
FN:176,(anonymous_12)
FN:193,(anonymous_13)
FNF:11
FNH:11
FNDA:2,(anonymous_3)
FNDA:2,(anonymous_4)
FNDA:17,(anonymous_5)
FNDA:2,(anonymous_6)
FNDA:2,(anonymous_7)
FNDA:1,(anonymous_8)
FNDA:2,(anonymous_9)
FNDA:17,(anonymous_10)
FNDA:14,(anonymous_11)
FNDA:11,(anonymous_12)
FNDA:8,(anonymous_13)
DA:1,1
DA:2,1
DA:8,24
DA:13,2
DA:14,2
DA:16,1
DA:17,1
DA:25,2
DA:26,2
DA:27,2
DA:28,1
DA:30,1
DA:32,1
DA:33,1
DA:42,17
DA:45,12
DA:48,11
DA:51,9
DA:52,8
DA:55,8
DA:56,8
DA:69,8
DA:71,0
DA:72,0
DA:80,2
DA:81,2
DA:84,2
DA:85,2
DA:88,2
DA:90,1
DA:91,1
DA:99,2
DA:101,1
DA:102,1
DA:104,0
DA:105,0
DA:113,1
DA:114,1
DA:116,0
DA:117,0
DA:125,2
DA:126,2
DA:127,1
DA:128,1
DA:130,1
DA:136,1
DA:137,1
DA:147,17
DA:155,17
DA:156,75
DA:157,5
DA:166,14
DA:167,2
DA:177,11
DA:178,10
DA:179,1
DA:183,10
DA:184,9
DA:185,1
DA:194,8
DA:195,1
DA:201,1
LF:62
LH:56
BRDA:27,0,0,1
BRDA:51,1,0,8
BRDA:62,2,0,8
BRDA:62,2,1,1
BRDA:63,3,0,8
BRDA:63,3,1,1
BRDA:64,4,0,8
BRDA:64,4,1,1
BRDA:65,5,0,8
BRDA:65,5,1,1
BRDA:84,6,0,2
BRDA:156,7,0,5
BRDA:156,8,0,75
BRDA:156,8,1,70
BRDA:156,8,2,70
BRDA:166,9,0,2
BRDA:177,10,0,10
BRDA:178,11,0,1
BRDA:178,12,0,10
BRDA:178,12,1,10
BRDA:183,13,0,9
BRDA:184,14,0,1
BRDA:184,15,0,9
BRDA:184,15,1,9
BRDA:194,16,0,1
BRF:25
BRH:25
end_of_record
TN:
SF:backend/types/company.ts
FNF:0
FNH:0
DA:32,16
LF:1
LH:1
BRF:0
BRH:0
end_of_record
